<?xml version="1.0" encoding="UTF-8"?>
<robot generator="Robot 5.0.1 (Python 3.6.0 on darwin)" generated="20221019 15:24:35.107" rpa="false" schemaversion="3">
<suite id="s1" name="Login Tests" source="/Users/purulentpig2/Desktop/github/profit_takehome/login_tests">
<suite id="s1-s1" name="Valid Login" source="/Users/purulentpig2/Desktop/github/profit_takehome/login_tests/valid_login.robot">
<test id="s1-s1-t1" name="Valid Login" line="7">
<kw name="Open Browser To Login Page" library="resource">
<kw name="Open Browser" library="SeleniumLibrary">
<arg>${LOGIN URL}</arg>
<arg>${BROWSER}</arg>
<doc>Opens a new browser instance to the optional ``url``.</doc>
<msg timestamp="20221019 15:24:35.610" level="INFO">Opening browser 'Firefox' to base url 'https://www.reddit.com/login/'.</msg>
<msg timestamp="20221019 15:24:35.613" level="INFO">Firefox driver log is always forced to to: /Users/purulentpig2/Desktop/github/profit_takehome/geckodriver-1.log</msg>
<status status="PASS" starttime="20221019 15:24:35.609" endtime="20221019 15:24:45.063"/>
</kw>
<kw name="Maximize Browser Window" library="SeleniumLibrary">
<doc>Maximizes current browser window.</doc>
<status status="PASS" starttime="20221019 15:24:45.065" endtime="20221019 15:24:45.557"/>
</kw>
<kw name="Set Selenium Speed" library="SeleniumLibrary">
<arg>${DELAY}</arg>
<doc>Sets the delay that is waited after each Selenium command.</doc>
<status status="PASS" starttime="20221019 15:24:45.557" endtime="20221019 15:24:45.558"/>
</kw>
<kw name="Login Page Should Be Open" library="resource">
<kw name="Title Should Be" library="SeleniumLibrary">
<arg>reddit.com: Log in</arg>
<doc>Verifies that the current page title equals ``title``.</doc>
<msg timestamp="20221019 15:24:47.570" level="INFO">Page title is 'reddit.com: Log in'.</msg>
<status status="PASS" starttime="20221019 15:24:45.560" endtime="20221019 15:24:47.571"/>
</kw>
<status status="PASS" starttime="20221019 15:24:45.559" endtime="20221019 15:24:47.571"/>
</kw>
<status status="PASS" starttime="20221019 15:24:35.608" endtime="20221019 15:24:47.572"/>
</kw>
<kw name="Input User" library="resource">
<arg>${VALID USER}</arg>
<kw name="Input Text" library="SeleniumLibrary">
<arg>loginUsername</arg>
<arg>${user}</arg>
<doc>Types the given ``text`` into the text field identified by ``locator``.</doc>
<msg timestamp="20221019 15:24:47.578" level="INFO">Typing text 'ExtraManagement8215' into text field 'loginUsername'.</msg>
<status status="PASS" starttime="20221019 15:24:47.574" endtime="20221019 15:24:53.716"/>
</kw>
<status status="PASS" starttime="20221019 15:24:47.573" endtime="20221019 15:24:53.717"/>
</kw>
<kw name="Input Password" library="resource">
<arg>${VALID PASSWORD}</arg>
<kw name="Input Text" library="SeleniumLibrary">
<arg>loginPassword</arg>
<arg>${password}</arg>
<doc>Types the given ``text`` into the text field identified by ``locator``.</doc>
<msg timestamp="20221019 15:24:53.721" level="INFO">Typing text 'W44tW44t' into text field 'loginPassword'.</msg>
<status status="PASS" starttime="20221019 15:24:53.720" endtime="20221019 15:24:59.784"/>
</kw>
<status status="PASS" starttime="20221019 15:24:53.717" endtime="20221019 15:24:59.785"/>
</kw>
<kw name="Submit Credentials" library="resource">
<kw name="Click Element" library="SeleniumLibrary">
<arg>class:AnimatedForm__submitButton.m-full-width</arg>
<doc>Click the element identified by ``locator``.</doc>
<msg timestamp="20221019 15:24:59.787" level="INFO">Clicking element 'class:AnimatedForm__submitButton.m-full-width'.</msg>
<status status="PASS" starttime="20221019 15:24:59.787" endtime="20221019 15:25:04.038"/>
</kw>
<status status="PASS" starttime="20221019 15:24:59.786" endtime="20221019 15:25:04.039"/>
</kw>
<kw name="Welcome Page Should Be Open" library="resource">
<kw name="Location Should Be" library="SeleniumLibrary">
<arg>https://${SERVER}/</arg>
<doc>Verifies that the current URL is exactly ``url``.</doc>
<msg timestamp="20221019 15:25:06.050" level="INFO">Current location is 'https://www.reddit.com/'.</msg>
<status status="PASS" starttime="20221019 15:25:04.040" endtime="20221019 15:25:06.050"/>
</kw>
<kw name="Title Should Be" library="SeleniumLibrary">
<arg>Reddit - Dive into anything</arg>
<doc>Verifies that the current page title equals ``title``.</doc>
<msg timestamp="20221019 15:25:08.066" level="INFO">Page title is 'Reddit - Dive into anything'.</msg>
<status status="PASS" starttime="20221019 15:25:06.051" endtime="20221019 15:25:08.066"/>
</kw>
<status status="PASS" starttime="20221019 15:25:04.039" endtime="20221019 15:25:08.067"/>
</kw>
<kw name="Close Browser" library="SeleniumLibrary" type="TEARDOWN">
<doc>Closes the current browser.</doc>
<status status="PASS" starttime="20221019 15:25:08.068" endtime="20221019 15:25:12.654"/>
</kw>
<status status="PASS" starttime="20221019 15:24:35.603" endtime="20221019 15:25:12.655"/>
</test>
<doc>A test suite with tests for logging into a dummy reddit.
</doc>
<status status="PASS" starttime="20221019 15:24:35.172" endtime="20221019 15:25:12.659"/>
</suite>
<status status="PASS" starttime="20221019 15:24:35.114" endtime="20221019 15:25:12.665"/>
</suite>
<statistics>
<total>
<stat pass="1" fail="0" skip="0">All Tests</stat>
</total>
<tag>
</tag>
<suite>
<stat pass="1" fail="0" skip="0" id="s1" name="Login Tests">Login Tests</stat>
<stat pass="1" fail="0" skip="0" id="s1-s1" name="Valid Login">Login Tests.Valid Login</stat>
</suite>
</statistics>
<errors>
</errors>
</robot>
