<?xml version="1.0" encoding="UTF-8"?>
<robot generator="Robot 5.0.1 (Python 3.6.0 on darwin)" generated="20221019 14:11:59.899" rpa="false" schemaversion="3">
<suite id="s1" name="Login Tests" source="/Users/purulentpig2/Desktop/github/profit_takehome/login_tests">
<suite id="s1-s1" name="Valid Login" source="/Users/purulentpig2/Desktop/github/profit_takehome/login_tests/valid_login.robot">
<test id="s1-s1-t1" name="Valid Login" line="9">
<kw name="Open Browser To Signup Page" library="resource">
<kw name="Open Browser" library="SeleniumLibrary">
<arg>${SIGNUP URL}</arg>
<arg>${BROWSER}</arg>
<doc>Opens a new browser instance to the optional ``url``.</doc>
<msg timestamp="20221019 14:12:00.380" level="INFO">Opening browser 'Firefox' to base url 'https://www.reddit.com/account/register/'.</msg>
<msg timestamp="20221019 14:12:00.383" level="INFO">Firefox driver log is always forced to to: /Users/purulentpig2/Desktop/github/profit_takehome/geckodriver-1.log</msg>
<status status="PASS" starttime="20221019 14:12:00.379" endtime="20221019 14:12:14.634"/>
</kw>
<kw name="Maximize Browser Window" library="SeleniumLibrary">
<doc>Maximizes current browser window.</doc>
<status status="PASS" starttime="20221019 14:12:14.638" endtime="20221019 14:12:15.117"/>
</kw>
<kw name="Set Selenium Speed" library="SeleniumLibrary">
<arg>${DELAY}</arg>
<doc>Sets the delay that is waited after each Selenium command.</doc>
<status status="PASS" starttime="20221019 14:12:15.117" endtime="20221019 14:12:15.123"/>
</kw>
<kw name="Signup Page Should Be Open" library="resource">
<kw name="Title Should Be reddit.com: Join the worldwide conversation">
<msg timestamp="20221019 14:12:15.146" level="FAIL">No keyword with name 'Title Should Be reddit.com: Join the worldwide conversation' found.</msg>
<status status="FAIL" starttime="20221019 14:12:15.146" endtime="20221019 14:12:15.147"/>
</kw>
<status status="FAIL" starttime="20221019 14:12:15.124" endtime="20221019 14:12:15.152"/>
</kw>
<status status="FAIL" starttime="20221019 14:12:00.379" endtime="20221019 14:12:15.154"/>
</kw>
<kw name="Close Browser" library="SeleniumLibrary" type="TEARDOWN">
<doc>Closes the current browser.</doc>
<status status="PASS" starttime="20221019 14:12:15.157" endtime="20221019 14:12:26.541"/>
</kw>
<status status="FAIL" starttime="20221019 14:12:00.375" endtime="20221019 14:12:26.542">No keyword with name 'Title Should Be reddit.com: Join the worldwide conversation' found.</status>
</test>
<doc>A test suite with tests for signup and logging in.

This test has a workflow that is created using keywords in
the imported resource file.</doc>
<status status="FAIL" starttime="20221019 14:11:59.957" endtime="20221019 14:12:26.546"/>
</suite>
<status status="FAIL" starttime="20221019 14:11:59.905" endtime="20221019 14:12:26.551"/>
</suite>
<statistics>
<total>
<stat pass="0" fail="1" skip="0">All Tests</stat>
</total>
<tag>
</tag>
<suite>
<stat pass="0" fail="1" skip="0" id="s1" name="Login Tests">Login Tests</stat>
<stat pass="0" fail="1" skip="0" id="s1-s1" name="Valid Login">Login Tests.Valid Login</stat>
</suite>
</statistics>
<errors>
</errors>
</robot>
